INFO:The share data of Date:14 February, 2021 is updated
INFO:The share data of Date:14 February, 2021 is updated
INFO:The share data of Date:14 February, 2021 is updated
INFO:Share file named 'nifrashare.txt' created successfully and valid latest data entered
INFO:The share data of Date:15 February, 2021 is updated
INFO:The share data of Date:15 February, 2021 is updated
INFO:The share data of Date:16 February, 2021 is updated
INFO:The share data of Date:16 February, 2021 is updated
INFO:The share data of Date:17 February, 2021 is updated
INFO:The share data of Date:17 February, 2021 is updated
INFO:The share data of Date:17 February, 2021 is updated
INFO:The share data of Date:17 February, 2021 is updated
INFO:The share data of Date:17 February, 2021 is updated
INFO:The share data of Date:17 February, 2021 is updated
INFO:The share data of Date:17 February, 2021 is updated
INFO:The share data of Date:17 February, 2021 is updated
INFO:The share data of Date:17 February, 2021 is updated
INFO:The share data of Date:17 February, 2021 is updated
INFO:The share data of Date:17 February, 2021 is updated
INFO:The share data of Date:17 February, 2021 is updated
INFO:The share data of Date:17 February, 2021 is updated
INFO:The share data of Date:17 February, 2021 is updated
INFO:The share data of Date:17 February, 2021 is updated
INFO:The share data of Date:17 February, 2021 is updated
INFO:The share data of Date:17 February, 2021 is updated
INFO:The share data of Date:17 February, 2021 is updated
INFO:The share data of Date:17 February, 2021 is updated
INFO:The share data of Date:17 February, 2021 is updated
INFO:The share data of Date:17 February, 2021 is updated
INFO:The share data of Date:17 February, 2021 is updated
INFO:The share data of Date:17 February, 2021 is updated
INFO:The share data of Date:17 February, 2021 is updated
INFO:The share data of Date:17 February, 2021 is updated
INFO:The share data of Date:17 February, 2021 is updated
INFO:The share data of Date:17 February, 2021 is updated
INFO:The share data of Date:18 February, 2021 is updated
INFO:The share data of Date:18 February, 2021 is updated
INFO:The share data of Date:21 February, 2021 is updated
INFO:The share data of Date:21 February, 2021 is updated
INFO:The share data of Date:22 February, 2021 is updated
INFO:The share data of Date:22 February, 2021 is updated
INFO:The share data of Date:22 February, 2021 is updated
INFO:The share data of Date:22 February, 2021 is updated
INFO:The share data of Date:22 February, 2021 is updated
INFO:The share data of Date:22 February, 2021 is updated
INFO:The share data of Date:22 February, 2021 is updated
INFO:The share data of Date:22 February, 2021 is updated
INFO:The share data of Date:22 February, 2021 is updated
INFO:The share data of Date:22 February, 2021 is updated
INFO:The share data of Date:22 February, 2021 is updated
INFO:The share data of Date:22 February, 2021 is updated
INFO:The share data of Date:22 February, 2021 is updated
INFO:The share data of Date:22 February, 2021 is updated
INFO:The share data of Date:23 February, 2021 is updated
INFO:The share data of Date:23 February, 2021 is updated
INFO:The share data of Date:23 February, 2021 is updated
INFO:The share data of Date:23 February, 2021 is updated
INFO:The share data of Date:23 February, 2021 is updated
INFO:The share data of Date:23 February, 2021 is updated
INFO:The share data of Date:23 February, 2021 is updated
INFO:The share data of Date:23 February, 2021 is updated
INFO:The share data of Date:25 February, 2021 is updated
INFO:The share data of Date:25 February, 2021 is updated
INFO:The share data of Date:04 March, 2021 is updated
INFO:The share data of Date:04 March, 2021 is updated
INFO:The share data of Date:07 March, 2021 is updated
INFO:The share data of Date:07 March, 2021 is updated
INFO:The share data of Date:09 March, 2021 is updated
INFO:The share data of Date:09 March, 2021 is updated
INFO:The share data of Date:10 March, 2021 is updated
INFO:The share data of Date:10 March, 2021 is updated
INFO:The share data of Date:14 March, 2021 is updated
INFO:The share data of Date:14 March, 2021 is updated
INFO:The share data of Date:15 March, 2021 is updated
INFO:The share data of Date:15 March, 2021 is updated
INFO:The share data of Date:31 March, 2021 is updated
INFO:The share data of Date:31 March, 2021 is updated
INFO:The share data of Date:04 April, 2021 is updated
INFO:The share data of Date:04 April, 2021 is updated
INFO:The share data of Date:05 April, 2021 is updated
INFO:The share data of Date:05 April, 2021 is updated
INFO:The share data of Date:06 April, 2021 is updated
INFO:The share data of Date:06 April, 2021 is updated
INFO:The share data of Date:07 April, 2021 is updated
INFO:The share data of Date:07 April, 2021 is updated
INFO:The share data of Date:08 April, 2021 is updated
INFO:The share data of Date:08 April, 2021 is updated
INFO:The share data of Date:12 April, 2021 is updated
INFO:The share data of Date:12 April, 2021 is updated
INFO:The share data of Date:13 April, 2021 is updated
INFO:The share data of Date:13 April, 2021 is updated
INFO:The share data of Date:15 April, 2021 is updated
INFO:The share data of Date:15 April, 2021 is updated
INFO:The share data of Date:15 April, 2021 is updated
INFO:The share data of Date:15 April, 2021 is updated
INFO:The share data of Date:22 April, 2021 is updated
INFO:The share data of Date:22 April, 2021 is updated
INFO:The share data of Date:26 April, 2021 is updated
INFO:The share data of Date:26 April, 2021 is updated
INFO:The share data of Date:28 April, 2021 is updated
INFO:The share data of Date:28 April, 2021 is updated
INFO:The share data of Date:29 April, 2021 is updated
INFO:The share data of Date:29 April, 2021 is updated
INFO:The share data of Date:29 April, 2021 is updated
INFO:The share data of Date:29 April, 2021 is updated
INFO:The share data of Date:29 April, 2021 is updated
INFO:The share data of Date:29 April, 2021 is updated
INFO:The share data of Date:29 April, 2021 is updated
INFO:The share data of Date:29 April, 2021 is updated
INFO:The share data of Date:29 April, 2021 is updated
INFO:The share data of Date:29 April, 2021 is updated
INFO:The share data of Date:29 April, 2021 is updated
ERROR:The data has already been updated
INFO:The share data of Date:29 April, 2021 is updated
ERROR:The data has already been updated
INFO:The share data of Date:29 April, 2021 is updated
INFO:The share data of Date:02 May, 2021 is updated
ERROR:The data has already been updated
INFO:The share data of Date:02 May, 2021 is updated
ERROR:The data has already been updated
INFO:The share data of Date:02 May, 2021 is updated
ERROR:The data has already been updated
INFO:The share data of Date:02 May, 2021 is updated
INFO:The share data of Date:03 May, 2021 is updated
INFO:The share data of Date:03 May, 2021 is updated
INFO:The share data of Date:05 May, 2021 is updated
INFO:The share data of Date:05 May, 2021 is updated
INFO:The share data of Date:06 May, 2021 is updated
INFO:The share data of Date:06 May, 2021 is updated
INFO:The share data of Date:09 May, 2021 is updated
INFO:The share data of Date:09 May, 2021 is updated
INFO:The share data of Date:13 May, 2021 is updated
INFO:The share data of Date:13 May, 2021 is updated
INFO:The share data of Date:13 May, 2021 is updated
INFO:The share data of Date:13 May, 2021 is updated
INFO:The share data of Date:13 May, 2021 is updated
INFO:The share data of Date:13 May, 2021 is updated
ERROR:The data has already been updated
INFO:The share data of Date:13 May, 2021 is updated
ERROR:The data has already been updated
INFO:The share data of Date:13 May, 2021 is updated
INFO:The share data of Date:16 May, 2021 is updated
INFO:The share data of Date:16 May, 2021 is updated
ERROR:The data has already been updated
INFO:The share data of Date:16 May, 2021 is updated
ERROR:The data has already been updated
INFO:The share data of Date:16 May, 2021 is updated
ERROR:The data has already been updated
INFO:The share data of Date:20 May, 2021 is updated
ERROR:The data has already been updated
INFO:The share data of Date:20 May, 2021 is updated
INFO:The share data of Date:20 May, 2021 is updated
INFO:The share data of Date:20 May, 2021 is updated
ERROR:The data has already been updated
INFO:The share data of Date:20 May, 2021 is updated
ERROR:The data has already been updated
INFO:The share data of Date:20 May, 2021 is updated
ERROR:The data has already been updated
INFO:The share data of Date:27 May, 2021 is updated
ERROR:The data has already been updated
INFO:The share data of Date:27 May, 2021 is updated
