ERROR:Expecting value: line 1 column 1 (char 0)
ERROR:Expecting value: line 1 column 1 (char 0)
ERROR:Expecting value: line 1 column 1 (char 0)
ERROR:Expecting value: line 1 column 1 (char 0)
ERROR:Expecting value: line 1 column 1 (char 0)
ERROR:Expecting value: line 1 column 1 (char 0)
ERROR:Expecting value: line 1 column 1 (char 0)
ERROR:Expecting value: line 1 column 1 (char 0)
ERROR:Expecting value: line 1 column 1 (char 0)
INFO:Fetchin' for Timestamp 1683225618265.877
INFO:Fetchin' for Timestamp 1683226232962.665
INFO:Fetchin' for Timestamp 1683226568969.95
INFO:Fetchin' for Timestamp 1683226569089.6758
INFO:Fetchin' for Timestamp 1683226569171.993
INFO:Fetchin' for Timestamp 1683226606379.456
INFO:Fetchin' for Timestamp 1683226606496.919
INFO:Fetchin' for Timestamp 1683226606618.691
INFO:Fetchin' for Timestamp 1683226784520.325
INFO:Fetchin' for Timestamp 1683226784661.248
INFO:Fetchin' for Timestamp 1683226784754.2979
ERROR:No records of the symbol SLI
INFO:Fetchin' for Timestamp 1683226784835.8591
INFO:Fetchin' for Timestamp 1683226784947.593
INFO:Fetchin' for Timestamp 1683226785070.2788
ERROR:No records of the symbol RULB
INFO:Fetchin' for Timestamp 1683226785165.297
INFO:Fetchin' for Timestamp 1683226785259.1118
INFO:Fetchin' for Timestamp 1683226785360.492
INFO:Fetchin' for Timestamp 1683226923446.045
INFO:Fetchin' for Timestamp 1683227080997.515
INFO:Fetchin' for Timestamp 1683227099687.416
INFO:Fetchin' for Timestamp 1683227153894.857
INFO:Fetchin' for Timestamp 1683227200890.753
INFO:Fetchin' for Timestamp 1683227201415.365
INFO:Fetchin' for Timestamp 1683227201546.704
ERROR:No records of the symbol SLI
INFO:Fetchin' for Timestamp 1683227438923.448
ERROR:write() argument must be str, not None
INFO:Fetchin' for Timestamp 1683227439015.734
ERROR:'NoneType' object has no attribute 'splitlines'
INFO:Fetchin' for Timestamp 1683227439123.322
ERROR:No records of the symbol SLI
ERROR:The data of SLI not found
INFO:Fetchin' for Timestamp 1683227439200.239
ERROR:'NoneType' object has no attribute 'splitlines'
INFO:Fetchin' for Timestamp 1683227439301.5808
ERROR:'NoneType' object has no attribute 'splitlines'
INFO:Fetchin' for Timestamp 1683227439395.976
ERROR:No records of the symbol RULB
ERROR:The data of RULB not found
INFO:Fetchin' for Timestamp 1683227439478.759
ERROR:'NoneType' object has no attribute 'splitlines'
INFO:Fetchin' for Timestamp 1683227439565.448
ERROR:write() argument must be str, not None
INFO:Fetchin' for Timestamp 1683227439648.7278
ERROR:write() argument must be str, not None
INFO:Fetchin' for Timestamp 1683227506475.458
INFO:Fetchin' for Timestamp 1683227592688.893
INFO:Fetchin' for Timestamp 1683227691748.697
INFO:Fetchin' for Timestamp 1683227723586.432
INFO:Fetchin' for Timestamp 1683227767881.9849
INFO:Fetchin' for Timestamp 1683227785818.379
INFO:Share file named 'ShareData/sgic_info.txt' created successfully and valid latest data entered
INFO:Fetchin' for Timestamp 1683227786288.066
INFO:Fetchin' for Timestamp 1683227786443.1401
ERROR:No records of the symbol SLI
INFO:processing this page SGIC
INFO:Fetchin' for Timestamp 1683571032937.809
INFO:processing this page NIFRA
INFO:Fetchin' for Timestamp 1683571035434.173
INFO:processing this page SLI
INFO:Fetchin' for Timestamp 1683571036859.7988
ERROR:No records of the symbol SLI
ERROR:The data of SLI not found
INFO:processing this page GVL
INFO:Fetchin' for Timestamp 1683571038066.169
INFO:processing this page MBJC
INFO:Fetchin' for Timestamp 1683571039471.061
INFO:processing this page RULB
INFO:Fetchin' for Timestamp 1683571040897.9521
INFO:processing this page USHEC
INFO:Fetchin' for Timestamp 1683571042290.3682
INFO:processing this page TAMOR
INFO:Fetchin' for Timestamp 1683571045104.869
INFO:Share file named 'ShareData/tamor_info.txt' created successfully and valid latest data entered
INFO:processing this page PPL
INFO:Fetchin' for Timestamp 1683571046514.811
INFO:Share file named 'ShareData/ppl_info.txt' created successfully and valid latest data entered
INFO:processing this page SGIC
INFO:Fetchin' for Timestamp 1683810767910.126
INFO:processing this page NIFRA
INFO:Fetchin' for Timestamp 1683810770709.2458
INFO:processing this page SLI
INFO:Fetchin' for Timestamp 1683810772234.804
ERROR:No records of the symbol SLI
ERROR:The data of SLI not found
INFO:processing this page GVL
INFO:Fetchin' for Timestamp 1683810773472.7969
INFO:processing this page MBJC
INFO:Fetchin' for Timestamp 1683810775010.844
INFO:processing this page RULB
INFO:Fetchin' for Timestamp 1683810776484.749
INFO:processing this page USHEC
INFO:Fetchin' for Timestamp 1683810778057.83
INFO:processing this page TAMOR
INFO:Fetchin' for Timestamp 1683810779585.255
INFO:processing this page PPL
INFO:Fetchin' for Timestamp 1683810781087.6628
INFO:processing this page SGIC
INFO:Fetchin' for Timestamp 1684069785438.732
INFO:processing this page NIFRA
INFO:Fetchin' for Timestamp 1684069787947.762
INFO:processing this page SLI
INFO:Fetchin' for Timestamp 1684069789391.388
ERROR:No records of the symbol SLI
ERROR:The data of SLI not found
INFO:processing this page GVL
INFO:Fetchin' for Timestamp 1684069790646.7878
INFO:processing this page MBJC
INFO:Fetchin' for Timestamp 1684069792125.3281
INFO:processing this page RULB
INFO:Fetchin' for Timestamp 1684069793594.156
INFO:processing this page USHEC
INFO:Fetchin' for Timestamp 1684069795040.313
INFO:processing this page TAMOR
INFO:Fetchin' for Timestamp 1684069797847.176
INFO:processing this page PPL
INFO:Fetchin' for Timestamp 1684069799265.941
INFO:processing this page SGIC
INFO:Fetchin' for Timestamp 1684156389408.7551
INFO:processing this page NIFRA
INFO:Fetchin' for Timestamp 1684156392240.8782
INFO:processing this page SLI
INFO:Fetchin' for Timestamp 1684156393788.775
ERROR:No records of the symbol SLI
ERROR:The data of SLI not found
INFO:processing this page GVL
INFO:Fetchin' for Timestamp 1684156395113.731
INFO:processing this page MBJC
INFO:Fetchin' for Timestamp 1684156396555.6272
INFO:processing this page RULB
INFO:Fetchin' for Timestamp 1684156398017.09
INFO:processing this page USHEC
INFO:Fetchin' for Timestamp 1684156399450.0352
INFO:processing this page TAMOR
INFO:Fetchin' for Timestamp 1684156400920.075
INFO:processing this page PPL
INFO:Fetchin' for Timestamp 1684156402480.717
INFO:processing this page SGIC
INFO:Fetchin' for Timestamp 1684242802474.215
INFO:processing this page NIFRA
INFO:Fetchin' for Timestamp 1684242804939.575
INFO:processing this page SLI
INFO:Fetchin' for Timestamp 1684242806324.555
ERROR:No records of the symbol SLI
ERROR:The data of SLI not found
INFO:processing this page GVL
INFO:Fetchin' for Timestamp 1684242807499.402
INFO:processing this page MBJC
INFO:Fetchin' for Timestamp 1684242808858.339
INFO:processing this page RULB
INFO:Fetchin' for Timestamp 1684242810163.24
INFO:processing this page USHEC
INFO:Fetchin' for Timestamp 1684242811456.711
INFO:processing this page TAMOR
INFO:Fetchin' for Timestamp 1684242812740.706
INFO:processing this page PPL
INFO:Fetchin' for Timestamp 1684242814038.709
INFO:processing this page SGIC
INFO:Fetchin' for Timestamp 1684329140484.869
INFO:processing this page NIFRA
INFO:Fetchin' for Timestamp 1684329143058.792
INFO:processing this page SLI
INFO:Fetchin' for Timestamp 1684329144486.8628
ERROR:No records of the symbol SLI
ERROR:The data of SLI not found
INFO:processing this page GVL
INFO:Fetchin' for Timestamp 1684329145715.683
INFO:processing this page MBJC
INFO:Fetchin' for Timestamp 1684329148221.455
INFO:processing this page RULB
INFO:Fetchin' for Timestamp 1684329149650.869
INFO:processing this page USHEC
INFO:Fetchin' for Timestamp 1684329151078.913
INFO:processing this page TAMOR
INFO:Fetchin' for Timestamp 1684329152472.6118
INFO:processing this page PPL
INFO:Fetchin' for Timestamp 1684329155216.547
INFO:processing this page SGIC
INFO:Fetchin' for Timestamp 1684415522425.126
INFO:processing this page NIFRA
INFO:Fetchin' for Timestamp 1684415526046.542
INFO:processing this page SLI
INFO:Fetchin' for Timestamp 1684415527483.871
ERROR:No records of the symbol SLI
ERROR:The data of SLI not found
INFO:processing this page GVL
INFO:Fetchin' for Timestamp 1684415528687.345
INFO:processing this page MBJC
INFO:Fetchin' for Timestamp 1684415530109.641
INFO:processing this page RULB
INFO:Fetchin' for Timestamp 1684415531530.675
INFO:processing this page USHEC
INFO:Fetchin' for Timestamp 1684415532959.0608
INFO:processing this page TAMOR
INFO:Fetchin' for Timestamp 1684415534343.544
INFO:processing this page PPL
INFO:Fetchin' for Timestamp 1684415535706.653
INFO:processing this page SGIC
INFO:Fetchin' for Timestamp 1684674599964.525
INFO:processing this page NIFRA
INFO:Fetchin' for Timestamp 1684674602537.622
INFO:processing this page SLI
INFO:Fetchin' for Timestamp 1684674604004.781
ERROR:No records of the symbol SLI
ERROR:The data of SLI not found
INFO:processing this page GVL
INFO:Fetchin' for Timestamp 1684674605168.4211
INFO:processing this page MBJC
INFO:Fetchin' for Timestamp 1684674606600.699
INFO:processing this page RULB
INFO:Fetchin' for Timestamp 1684674608048.512
INFO:processing this page USHEC
INFO:Fetchin' for Timestamp 1684674609465.3088
INFO:processing this page TAMOR
INFO:Fetchin' for Timestamp 1684674610857.574
INFO:processing this page PPL
INFO:Fetchin' for Timestamp 1684674612276.8098
INFO:processing this page SGIC
INFO:Fetchin' for Timestamp 1684761141415.674
INFO:processing this page NIFRA
INFO:Fetchin' for Timestamp 1684761143952.556
INFO:processing this page SLI
INFO:Fetchin' for Timestamp 1684761145362.223
ERROR:No records of the symbol SLI
ERROR:The data of SLI not found
INFO:processing this page GVL
INFO:Fetchin' for Timestamp 1684761146608.9612
INFO:processing this page MBJC
INFO:Fetchin' for Timestamp 1684761148017.8271
INFO:processing this page RULB
INFO:Fetchin' for Timestamp 1684761149401.669
INFO:processing this page USHEC
INFO:Fetchin' for Timestamp 1684761150809.748
INFO:processing this page TAMOR
INFO:Fetchin' for Timestamp 1684761152259.359
INFO:processing this page PPL
INFO:Fetchin' for Timestamp 1684761154674.628
INFO:processing this page SGIC
INFO:Fetchin' for Timestamp 1684847600383.7458
INFO:processing this page NIFRA
INFO:Fetchin' for Timestamp 1684847603149.659
INFO:processing this page SLI
INFO:Fetchin' for Timestamp 1684847605553.738
ERROR:No records of the symbol SLI
ERROR:The data of SLI not found
INFO:processing this page GVL
INFO:Fetchin' for Timestamp 1684847606782.695
INFO:processing this page MBJC
INFO:Fetchin' for Timestamp 1684847608238.159
INFO:processing this page RULB
INFO:Fetchin' for Timestamp 1684847610272.9001
INFO:processing this page USHEC
INFO:Fetchin' for Timestamp 1684847611684.8198
INFO:processing this page TAMOR
INFO:Fetchin' for Timestamp 1684847613182.437
INFO:processing this page PPL
INFO:Fetchin' for Timestamp 1684847614661.98
INFO:processing this page SGIC
INFO:Fetchin' for Timestamp 1684933980549.571
INFO:processing this page NIFRA
INFO:Fetchin' for Timestamp 1684933983098.4321
INFO:processing this page SLI
INFO:Fetchin' for Timestamp 1684933984515.042
ERROR:No records of the symbol SLI
ERROR:The data of SLI not found
INFO:processing this page GVL
INFO:Fetchin' for Timestamp 1684933985669.3572
INFO:processing this page MBJC
INFO:Fetchin' for Timestamp 1684933987044.071
INFO:processing this page RULB
INFO:Fetchin' for Timestamp 1684933988411.719
INFO:processing this page USHEC
INFO:Fetchin' for Timestamp 1684933989768.956
INFO:processing this page TAMOR
INFO:Fetchin' for Timestamp 1684933991176.876
INFO:processing this page PPL
INFO:Fetchin' for Timestamp 1684933992553.3992
INFO:processing this page SGIC
INFO:Fetchin' for Timestamp 1685020391902.657
INFO:processing this page NIFRA
INFO:Fetchin' for Timestamp 1685020394443.381
INFO:processing this page SLI
INFO:Fetchin' for Timestamp 1685020395879.456
ERROR:No records of the symbol SLI
ERROR:The data of SLI not found
INFO:processing this page GVL
INFO:Fetchin' for Timestamp 1685020397153.6912
INFO:processing this page MBJC
INFO:Fetchin' for Timestamp 1685020398599.606
INFO:processing this page RULB
INFO:Fetchin' for Timestamp 1685020400043.669
INFO:processing this page USHEC
INFO:Fetchin' for Timestamp 1685020401461.591
INFO:processing this page TAMOR
INFO:Fetchin' for Timestamp 1685020402891.4622
INFO:processing this page PPL
INFO:Fetchin' for Timestamp 1685020404291.085
INFO:processing this page SGIC
INFO:Fetchin' for Timestamp 1685279392387.5588
INFO:processing this page NIFRA
INFO:Fetchin' for Timestamp 1685279394920.781
INFO:processing this page SLI
INFO:Fetchin' for Timestamp 1685279396375.149
ERROR:No records of the symbol SLI
ERROR:The data of SLI not found
INFO:processing this page GVL
INFO:Fetchin' for Timestamp 1685279397651.6719
INFO:processing this page MBJC
INFO:Fetchin' for Timestamp 1685279399124.594
INFO:processing this page RULB
INFO:Fetchin' for Timestamp 1685279400523.229
INFO:processing this page USHEC
INFO:Fetchin' for Timestamp 1685279402879.6501
INFO:processing this page TAMOR
INFO:Fetchin' for Timestamp 1685279404342.572
INFO:processing this page PPL
INFO:Fetchin' for Timestamp 1685279405762.755
INFO:processing this page SGIC
INFO:Fetchin' for Timestamp 1685365922558.134
INFO:processing this page NIFRA
INFO:Fetchin' for Timestamp 1685365930444.567
INFO:processing this page SLI
INFO:Fetchin' for Timestamp 1685365936057.108
ERROR:No records of the symbol SLI
ERROR:The data of SLI not found
INFO:processing this page GVL
INFO:Fetchin' for Timestamp 1685365938515.093
INFO:processing this page MBJC
INFO:Fetchin' for Timestamp 1685365939938.981
INFO:processing this page RULB
INFO:Fetchin' for Timestamp 1685365941868.021
INFO:processing this page USHEC
INFO:Fetchin' for Timestamp 1685365945394.9822
INFO:processing this page TAMOR
INFO:Fetchin' for Timestamp 1685365946791.625
INFO:processing this page PPL
INFO:Fetchin' for Timestamp 1685365957222.3499
INFO:processing this page SGIC
INFO:Fetchin' for Timestamp 1685452383057.96
INFO:processing this page NIFRA
INFO:Fetchin' for Timestamp 1685452385735.2231
INFO:processing this page SLI
INFO:Fetchin' for Timestamp 1685452387170.4968
ERROR:HTTPSConnectionPool(host='nepalipaisa.com', port=443): Max retries exceeded with url: /api/GetStockLive?stockSymbol=SLI&_=1685452387170.4968 (Caused by ConnectTimeoutError(<urllib3.connection.HTTPSConnection object at 0x7fa5947ecb80>, 'Connection to nepalipaisa.com timed out. (connect timeout=None)'))
INFO:processing this page GVL
INFO:Fetchin' for Timestamp 1685452517550.573
ERROR:HTTPSConnectionPool(host='nepalipaisa.com', port=443): Max retries exceeded with url: /api/GetStockLive?stockSymbol=GVL&_=1685452517550.573 (Caused by ConnectTimeoutError(<urllib3.connection.HTTPSConnection object at 0x7fa5947edc60>, 'Connection to nepalipaisa.com timed out. (connect timeout=None)'))
INFO:processing this page MBJC
INFO:Fetchin' for Timestamp 1685452648622.579
INFO:processing this page RULB
INFO:Fetchin' for Timestamp 1685452657177.424
INFO:processing this page USHEC
INFO:Fetchin' for Timestamp 1685452659575.898
ERROR:HTTPSConnectionPool(host='nepalipaisa.com', port=443): Max retries exceeded with url: /api/GetStockLive?stockSymbol=USHEC&_=1685452659575.898 (Caused by ConnectTimeoutError(<urllib3.connection.HTTPSConnection object at 0x7fa5947edb10>, 'Connection to nepalipaisa.com timed out. (connect timeout=None)'))
INFO:processing this page TAMOR
INFO:Fetchin' for Timestamp 1685452789934.498
ERROR:HTTPSConnectionPool(host='nepalipaisa.com', port=443): Max retries exceeded with url: /api/GetStockLive?stockSymbol=TAMOR&_=1685452789934.498 (Caused by ConnectTimeoutError(<urllib3.connection.HTTPSConnection object at 0x7fa5947eea70>, 'Connection to nepalipaisa.com timed out. (connect timeout=None)'))
INFO:processing this page PPL
INFO:Fetchin' for Timestamp 1685452921006.8892
INFO:processing this page SGIC
INFO:Fetchin' for Timestamp 1685538775646.5571
INFO:processing this page NIFRA
INFO:Fetchin' for Timestamp 1685538778378.0059
INFO:processing this page SLI
INFO:Fetchin' for Timestamp 1685538780417.9412
ERROR:No records of the symbol SLI
ERROR:The data of SLI not found
INFO:processing this page GVL
INFO:Fetchin' for Timestamp 1685538782405.9429
INFO:processing this page MBJC
INFO:Fetchin' for Timestamp 1685538783954.2861
INFO:processing this page RULB
INFO:Fetchin' for Timestamp 1685538785507.267
INFO:processing this page USHEC
INFO:Fetchin' for Timestamp 1685538786965.0
INFO:processing this page TAMOR
INFO:Fetchin' for Timestamp 1685538788450.728
INFO:processing this page PPL
INFO:Fetchin' for Timestamp 1685538789977.01
INFO:processing this page SGIC
INFO:Fetchin' for Timestamp 1685625200582.576
INFO:processing this page NIFRA
INFO:Fetchin' for Timestamp 1685625203340.03
INFO:processing this page SLI
INFO:Fetchin' for Timestamp 1685625204820.8188
ERROR:No records of the symbol SLI
ERROR:The data of SLI not found
INFO:processing this page GVL
INFO:Fetchin' for Timestamp 1685625206094.0771
INFO:processing this page MBJC
INFO:Fetchin' for Timestamp 1685625207573.722
INFO:processing this page RULB
INFO:Fetchin' for Timestamp 1685625209059.4858
INFO:processing this page USHEC
INFO:Fetchin' for Timestamp 1685625210525.627
INFO:processing this page TAMOR
INFO:Fetchin' for Timestamp 1685625212087.05
INFO:processing this page PPL
INFO:Fetchin' for Timestamp 1685625213588.31
INFO:processing this page SGIC
INFO:Fetchin' for Timestamp 1685884206584.744
INFO:processing this page NIFRA
INFO:Fetchin' for Timestamp 1685884209189.8652
INFO:processing this page SLI
INFO:Fetchin' for Timestamp 1685884210546.7651
ERROR:No records of the symbol SLI
ERROR:The data of SLI not found
INFO:processing this page GVL
INFO:Fetchin' for Timestamp 1685884211683.27
INFO:processing this page MBJC
INFO:Fetchin' for Timestamp 1685884213014.261
INFO:processing this page RULB
INFO:Fetchin' for Timestamp 1685884214330.4492
INFO:processing this page USHEC
INFO:Fetchin' for Timestamp 1685884215684.3281
INFO:processing this page TAMOR
INFO:Fetchin' for Timestamp 1685884217014.974
INFO:processing this page PPL
INFO:Fetchin' for Timestamp 1685884218311.635
INFO:processing this page SGIC
INFO:Fetchin' for Timestamp 1685970827628.557
INFO:processing this page NIFRA
INFO:Fetchin' for Timestamp 1685970830140.801
INFO:processing this page SLI
INFO:Fetchin' for Timestamp 1685970831576.554
ERROR:No records of the symbol SLI
ERROR:The data of SLI not found
INFO:processing this page GVL
INFO:Fetchin' for Timestamp 1685970832765.969
INFO:processing this page MBJC
INFO:Fetchin' for Timestamp 1685970834217.745
INFO:processing this page RULB
INFO:Fetchin' for Timestamp 1685970835617.348
INFO:processing this page USHEC
INFO:Fetchin' for Timestamp 1685970837015.467
INFO:processing this page TAMOR
INFO:Fetchin' for Timestamp 1685970838390.291
INFO:processing this page PPL
INFO:Fetchin' for Timestamp 1685970839743.4421
INFO:processing this page SGIC
INFO:Fetchin' for Timestamp 1686057207270.8289
INFO:processing this page NIFRA
INFO:Fetchin' for Timestamp 1686057210086.405
INFO:processing this page SLI
INFO:Fetchin' for Timestamp 1686057211690.265
ERROR:No records of the symbol SLI
ERROR:The data of SLI not found
INFO:processing this page GVL
INFO:Fetchin' for Timestamp 1686057212908.915
INFO:processing this page MBJC
INFO:Fetchin' for Timestamp 1686057214409.568
INFO:processing this page RULB
INFO:Fetchin' for Timestamp 1686057215965.7322
INFO:processing this page USHEC
INFO:Fetchin' for Timestamp 1686057217431.693
INFO:processing this page TAMOR
INFO:Fetchin' for Timestamp 1686057218906.878
INFO:processing this page PPL
INFO:Fetchin' for Timestamp 1686057220361.6382
INFO:processing this page SGIC
INFO:Fetchin' for Timestamp 1686143627595.113
INFO:processing this page NIFRA
INFO:Fetchin' for Timestamp 1686143630138.904
INFO:processing this page SLI
INFO:Fetchin' for Timestamp 1686143632479.059
ERROR:No records of the symbol SLI
ERROR:The data of SLI not found
INFO:processing this page GVL
INFO:Fetchin' for Timestamp 1686143633737.084
INFO:processing this page MBJC
INFO:Fetchin' for Timestamp 1686143635200.3801
INFO:processing this page RULB
INFO:Fetchin' for Timestamp 1686143636627.003
INFO:processing this page USHEC
INFO:Fetchin' for Timestamp 1686143638029.0251
INFO:processing this page TAMOR
INFO:Fetchin' for Timestamp 1686143639473.691
INFO:processing this page PPL
INFO:Fetchin' for Timestamp 1686143640905.89
INFO:processing this page SGIC
INFO:Fetchin' for Timestamp 1686230006950.349
INFO:processing this page NIFRA
INFO:Fetchin' for Timestamp 1686230010760.893
INFO:processing this page SLI
INFO:Fetchin' for Timestamp 1686230012338.5469
ERROR:No records of the symbol SLI
ERROR:The data of SLI not found
INFO:processing this page GVL
INFO:Fetchin' for Timestamp 1686230014241.032
INFO:processing this page MBJC
INFO:Fetchin' for Timestamp 1686230020334.003
INFO:processing this page RULB
INFO:Fetchin' for Timestamp 1686230021850.641
INFO:processing this page USHEC
INFO:Fetchin' for Timestamp 1686230024144.938
INFO:processing this page TAMOR
INFO:Fetchin' for Timestamp 1686230027151.395
INFO:processing this page PPL
INFO:Fetchin' for Timestamp 1686230028582.0461
INFO:processing this page SGIC
INFO:Fetchin' for Timestamp 1686489035350.2988
INFO:processing this page NIFRA
INFO:Fetchin' for Timestamp 1686489037954.646
INFO:processing this page SLI
INFO:Fetchin' for Timestamp 1686489039278.845
ERROR:No records of the symbol SLI
ERROR:The data of SLI not found
INFO:processing this page GVL
INFO:Fetchin' for Timestamp 1686489040342.355
INFO:processing this page MBJC
INFO:Fetchin' for Timestamp 1686489041676.426
INFO:processing this page RULB
INFO:Fetchin' for Timestamp 1686489042974.673
INFO:processing this page USHEC
INFO:Fetchin' for Timestamp 1686489044292.754
INFO:processing this page TAMOR
INFO:Fetchin' for Timestamp 1686489045575.361
INFO:processing this page PPL
INFO:Fetchin' for Timestamp 1686489046878.5168
INFO:processing this page SGIC
INFO:Fetchin' for Timestamp 1686575555646.858
INFO:processing this page NIFRA
INFO:Fetchin' for Timestamp 1686575558242.2632
INFO:processing this page SLI
INFO:Fetchin' for Timestamp 1686575560275.2532
ERROR:No records of the symbol SLI
ERROR:The data of SLI not found
INFO:processing this page GVL
INFO:Fetchin' for Timestamp 1686575564505.539
INFO:processing this page MBJC
INFO:Fetchin' for Timestamp 1686575566211.301
INFO:processing this page RULB
INFO:Fetchin' for Timestamp 1686575567634.424
INFO:processing this page USHEC
INFO:Fetchin' for Timestamp 1686575570052.98
INFO:processing this page TAMOR
INFO:Fetchin' for Timestamp 1686575572293.086
INFO:processing this page PPL
INFO:Fetchin' for Timestamp 1686575573704.505
INFO:processing this page SGIC
INFO:Fetchin' for Timestamp 1686661967007.982
INFO:processing this page NIFRA
INFO:Fetchin' for Timestamp 1686661969906.2
INFO:processing this page SLI
INFO:Fetchin' for Timestamp 1686661971493.061
ERROR:No records of the symbol SLI
ERROR:The data of SLI not found
INFO:processing this page GVL
INFO:Fetchin' for Timestamp 1686661972817.0112
INFO:processing this page MBJC
INFO:Fetchin' for Timestamp 1686661974260.998
INFO:processing this page RULB
INFO:Fetchin' for Timestamp 1686661975841.2769
INFO:processing this page USHEC
INFO:Fetchin' for Timestamp 1686661977307.5818
INFO:processing this page TAMOR
INFO:Fetchin' for Timestamp 1686661978852.551
INFO:processing this page PPL
INFO:Fetchin' for Timestamp 1686661980393.2341
INFO:processing this page SGIC
INFO:Fetchin' for Timestamp 1686748351424.9648
INFO:processing this page NIFRA
INFO:Fetchin' for Timestamp 1686748357311.734
INFO:processing this page SLI
INFO:Fetchin' for Timestamp 1686748358880.446
ERROR:No records of the symbol SLI
ERROR:The data of SLI not found
INFO:processing this page GVL
INFO:Fetchin' for Timestamp 1686748360128.0051
INFO:processing this page MBJC
INFO:Fetchin' for Timestamp 1686748361669.009
INFO:processing this page RULB
INFO:Fetchin' for Timestamp 1686748363130.625
INFO:processing this page USHEC
INFO:Fetchin' for Timestamp 1686748364588.2212
INFO:processing this page TAMOR
INFO:Fetchin' for Timestamp 1686748366644.649
INFO:processing this page PPL
INFO:Fetchin' for Timestamp 1686748369021.2651
INFO:processing this page SGIC
INFO:Fetchin' for Timestamp 1686834843392.659
INFO:processing this page NIFRA
INFO:Fetchin' for Timestamp 1686834846110.981
INFO:processing this page SLI
INFO:Fetchin' for Timestamp 1686834847596.9492
ERROR:No records of the symbol SLI
ERROR:The data of SLI not found
INFO:processing this page GVL
INFO:Fetchin' for Timestamp 1686834848857.1829
INFO:processing this page MBJC
INFO:Fetchin' for Timestamp 1686834850347.347
INFO:processing this page RULB
INFO:Fetchin' for Timestamp 1686834851851.12
INFO:processing this page USHEC
INFO:Fetchin' for Timestamp 1686834853381.176
INFO:processing this page TAMOR
INFO:Fetchin' for Timestamp 1686834854832.557
INFO:processing this page PPL
INFO:Fetchin' for Timestamp 1686834856282.076
INFO:processing this page SGIC
INFO:Fetchin' for Timestamp 1687093864268.281
INFO:processing this page NIFRA
INFO:Fetchin' for Timestamp 1687093866930.55
INFO:processing this page SLI
INFO:Fetchin' for Timestamp 1687093868230.8171
ERROR:No records of the symbol SLI
ERROR:The data of SLI not found
INFO:processing this page GVL
INFO:Fetchin' for Timestamp 1687093869270.718
INFO:processing this page MBJC
INFO:Fetchin' for Timestamp 1687093870587.948
INFO:processing this page RULB
INFO:Fetchin' for Timestamp 1687093871868.5159
INFO:processing this page USHEC
INFO:Fetchin' for Timestamp 1687093873203.889
INFO:processing this page TAMOR
INFO:Fetchin' for Timestamp 1687093874509.8828
INFO:processing this page PPL
INFO:Fetchin' for Timestamp 1687093875792.26
INFO:processing this page SGIC
INFO:Fetchin' for Timestamp 1687180434016.204
INFO:processing this page NIFRA
INFO:Fetchin' for Timestamp 1687180436570.559
INFO:processing this page SLI
INFO:Fetchin' for Timestamp 1687180437896.801
ERROR:No records of the symbol SLI
ERROR:The data of SLI not found
INFO:processing this page GVL
INFO:Fetchin' for Timestamp 1687180439009.669
INFO:processing this page MBJC
INFO:Fetchin' for Timestamp 1687180440309.8472
INFO:processing this page RULB
INFO:Fetchin' for Timestamp 1687180441619.832
INFO:processing this page USHEC
INFO:Fetchin' for Timestamp 1687180442905.407
INFO:processing this page TAMOR
INFO:Fetchin' for Timestamp 1687180445634.5662
INFO:processing this page PPL
INFO:Fetchin' for Timestamp 1687180447644.764
INFO:processing this page SGIC
INFO:Fetchin' for Timestamp 1687266792189.146
INFO:processing this page NIFRA
INFO:Fetchin' for Timestamp 1687266795499.5562
INFO:processing this page SLI
INFO:Fetchin' for Timestamp 1687266797030.478
ERROR:No records of the symbol SLI
ERROR:The data of SLI not found
INFO:processing this page GVL
INFO:Fetchin' for Timestamp 1687266798236.67
INFO:processing this page MBJC
INFO:Fetchin' for Timestamp 1687266799643.079
INFO:processing this page RULB
INFO:Fetchin' for Timestamp 1687266801179.424
INFO:processing this page USHEC
INFO:Fetchin' for Timestamp 1687266804107.437
INFO:processing this page TAMOR
INFO:Fetchin' for Timestamp 1687266808628.311
INFO:processing this page PPL
INFO:Fetchin' for Timestamp 1687266810137.1191
INFO:processing this page SGIC
INFO:Fetchin' for Timestamp 1687353181200.0671
INFO:processing this page NIFRA
INFO:Fetchin' for Timestamp 1687353183793.298
INFO:processing this page SLI
INFO:Fetchin' for Timestamp 1687353185093.987
ERROR:No records of the symbol SLI
ERROR:The data of SLI not found
INFO:processing this page GVL
INFO:Fetchin' for Timestamp 1687353186161.945
INFO:processing this page MBJC
INFO:Fetchin' for Timestamp 1687353187481.208
INFO:processing this page RULB
INFO:Fetchin' for Timestamp 1687353188786.47
INFO:processing this page USHEC
INFO:Fetchin' for Timestamp 1687353190130.434
INFO:processing this page TAMOR
INFO:Fetchin' for Timestamp 1687353191420.186
INFO:processing this page PPL
INFO:Fetchin' for Timestamp 1687353192723.5862
INFO:processing this page SGIC
INFO:Fetchin' for Timestamp 1687439544136.453
INFO:processing this page NIFRA
INFO:Fetchin' for Timestamp 1687439546727.268
INFO:processing this page SLI
INFO:Fetchin' for Timestamp 1687439548084.118
ERROR:No records of the symbol SLI
ERROR:The data of SLI not found
INFO:processing this page GVL
INFO:Fetchin' for Timestamp 1687439549221.0469
INFO:processing this page MBJC
INFO:Fetchin' for Timestamp 1687439550653.166
INFO:processing this page RULB
INFO:Fetchin' for Timestamp 1687439552014.322
INFO:processing this page USHEC
INFO:Fetchin' for Timestamp 1687439553381.013
INFO:processing this page TAMOR
INFO:Fetchin' for Timestamp 1687439554783.639
INFO:processing this page PPL
INFO:Fetchin' for Timestamp 1687439556209.685
INFO:processing this page SGIC
INFO:Fetchin' for Timestamp 1687699073133.7332
INFO:processing this page NIFRA
INFO:Fetchin' for Timestamp 1687699075698.7031
INFO:processing this page SRLI
INFO:Fetchin' for Timestamp 1687699077014.174
INFO:Share file named 'ShareData/srli_info.txt' created successfully and valid latest data entered
INFO:processing this page GVL
INFO:Fetchin' for Timestamp 1687699078353.6848
INFO:processing this page MBJC
INFO:Fetchin' for Timestamp 1687699079682.559
INFO:processing this page RULB
INFO:Fetchin' for Timestamp 1687699080982.419
INFO:processing this page USHEC
INFO:Fetchin' for Timestamp 1687699082283.298
INFO:processing this page TAMOR
INFO:Fetchin' for Timestamp 1687699084547.134
INFO:processing this page PPL
INFO:Fetchin' for Timestamp 1687699085875.648
INFO:processing this page SGIC
INFO:Fetchin' for Timestamp 1687785623830.8352
INFO:processing this page NIFRA
INFO:Fetchin' for Timestamp 1687785626550.73
INFO:processing this page SRLI
INFO:Fetchin' for Timestamp 1687785627976.258
INFO:processing this page GVL
INFO:Fetchin' for Timestamp 1687785630658.067
INFO:processing this page MBJC
INFO:Fetchin' for Timestamp 1687785632134.958
INFO:processing this page RULB
INFO:Fetchin' for Timestamp 1687785633575.706
INFO:processing this page USHEC
INFO:Fetchin' for Timestamp 1687785635088.684
INFO:processing this page TAMOR
INFO:Fetchin' for Timestamp 1687785636524.152
INFO:processing this page PPL
INFO:Fetchin' for Timestamp 1687785637918.439
INFO:processing this page SGIC
INFO:Fetchin' for Timestamp 1687872021802.971
INFO:processing this page NIFRA
INFO:Fetchin' for Timestamp 1687872025758.207
INFO:processing this page SRLI
INFO:Fetchin' for Timestamp 1687872027284.851
INFO:processing this page GVL
INFO:Fetchin' for Timestamp 1687872028849.988
INFO:processing this page MBJC
INFO:Fetchin' for Timestamp 1687872030300.65
INFO:processing this page RULB
INFO:Fetchin' for Timestamp 1687872031854.206
INFO:processing this page USHEC
INFO:Fetchin' for Timestamp 1687872034065.381
INFO:processing this page TAMOR
INFO:Fetchin' for Timestamp 1687872035528.309
INFO:processing this page PPL
INFO:Fetchin' for Timestamp 1687872036948.397
INFO:processing this page SGIC
INFO:Fetchin' for Timestamp 1687958442649.852
INFO:processing this page NIFRA
INFO:Fetchin' for Timestamp 1687958445470.0579
INFO:processing this page SRLI
INFO:Fetchin' for Timestamp 1687958446944.4429
INFO:processing this page GVL
INFO:Fetchin' for Timestamp 1687958448459.3452
INFO:processing this page MBJC
INFO:Fetchin' for Timestamp 1687958449949.166
INFO:processing this page RULB
INFO:Fetchin' for Timestamp 1687958451368.605
INFO:processing this page USHEC
INFO:Fetchin' for Timestamp 1687958452835.753
INFO:processing this page TAMOR
INFO:Fetchin' for Timestamp 1687958454907.898
INFO:processing this page PPL
INFO:Fetchin' for Timestamp 1687958456408.808
INFO:processing this page SGIC
INFO:Fetchin' for Timestamp 1688044728343.6748
INFO:processing this page NIFRA
INFO:Fetchin' for Timestamp 1688044731019.846
INFO:processing this page SRLI
INFO:Fetchin' for Timestamp 1688044733099.2031
INFO:processing this page GVL
INFO:Fetchin' for Timestamp 1688044734556.673
INFO:processing this page MBJC
INFO:Fetchin' for Timestamp 1688044736034.556
INFO:processing this page RULB
INFO:Fetchin' for Timestamp 1688044737518.058
INFO:processing this page USHEC
INFO:Fetchin' for Timestamp 1688044738984.344
INFO:processing this page TAMOR
INFO:Fetchin' for Timestamp 1688044740466.824
INFO:processing this page PPL
INFO:Fetchin' for Timestamp 1688044741945.039
INFO:processing this page SGIC
INFO:Fetchin' for Timestamp 1688303654302.5251
INFO:processing this page NIFRA
INFO:Fetchin' for Timestamp 1688303656908.4548
INFO:processing this page SRLI
INFO:Fetchin' for Timestamp 1688303658229.059
INFO:processing this page GVL
INFO:Fetchin' for Timestamp 1688303659537.6338
INFO:processing this page MBJC
INFO:Fetchin' for Timestamp 1688303660892.408
INFO:processing this page RULB
INFO:Fetchin' for Timestamp 1688303662226.523
INFO:processing this page USHEC
INFO:Fetchin' for Timestamp 1688303663565.2349
INFO:processing this page TAMOR
INFO:Fetchin' for Timestamp 1688303664966.833
INFO:processing this page PPL
INFO:Fetchin' for Timestamp 1688303666302.377
INFO:processing this page SGIC
INFO:Fetchin' for Timestamp 1688390462040.627
INFO:processing this page NIFRA
INFO:Fetchin' for Timestamp 1688390464620.428
INFO:processing this page SRLI
INFO:Fetchin' for Timestamp 1688390466114.167
INFO:processing this page GVL
INFO:Fetchin' for Timestamp 1688390467595.963
INFO:processing this page MBJC
INFO:Fetchin' for Timestamp 1688390469742.49
INFO:processing this page RULB
INFO:Fetchin' for Timestamp 1688390471197.809
INFO:processing this page USHEC
INFO:Fetchin' for Timestamp 1688390472666.373
INFO:processing this page TAMOR
INFO:Fetchin' for Timestamp 1688390474112.88
INFO:processing this page PPL
INFO:Fetchin' for Timestamp 1688390475593.571
INFO:processing this page SGIC
INFO:Fetchin' for Timestamp 1688476885796.64
INFO:processing this page NIFRA
INFO:Fetchin' for Timestamp 1688476888490.116
INFO:processing this page SRLI
INFO:Fetchin' for Timestamp 1688476892062.164
INFO:processing this page GVL
INFO:Fetchin' for Timestamp 1688476894572.339
INFO:processing this page MBJC
INFO:Fetchin' for Timestamp 1688476897442.307
INFO:processing this page RULB
INFO:Fetchin' for Timestamp 1688476901539.3071
INFO:processing this page USHEC
INFO:Fetchin' for Timestamp 1688476903060.3508
INFO:processing this page TAMOR
INFO:Fetchin' for Timestamp 1688476904624.336
INFO:processing this page PPL
INFO:Fetchin' for Timestamp 1688476907363.073
INFO:processing this page SGIC
INFO:Fetchin' for Timestamp 1688563414116.994
INFO:processing this page NIFRA
INFO:Fetchin' for Timestamp 1688563417072.549
INFO:processing this page SRLI
INFO:Fetchin' for Timestamp 1688563418605.176
INFO:processing this page GVL
INFO:Fetchin' for Timestamp 1688563420119.656
INFO:processing this page MBJC
INFO:Fetchin' for Timestamp 1688563422586.793
INFO:processing this page RULB
INFO:Fetchin' for Timestamp 1688563424109.523
INFO:processing this page USHEC
INFO:Fetchin' for Timestamp 1688563425599.966
INFO:processing this page TAMOR
INFO:Fetchin' for Timestamp 1688563427147.6692
INFO:processing this page PPL
INFO:Fetchin' for Timestamp 1688563429540.261
INFO:processing this page SGIC
INFO:Fetchin' for Timestamp 1688649957231.663
INFO:processing this page NIFRA
INFO:Fetchin' for Timestamp 1688649960091.593
INFO:processing this page SRLI
INFO:Fetchin' for Timestamp 1688649964568.96
INFO:processing this page GVL
INFO:Fetchin' for Timestamp 1688649966096.987
INFO:processing this page MBJC
INFO:Fetchin' for Timestamp 1688649967577.3562
INFO:processing this page RULB
INFO:Fetchin' for Timestamp 1688649969066.4302
INFO:processing this page USHEC
INFO:Fetchin' for Timestamp 1688649970470.4822
INFO:processing this page TAMOR
INFO:Fetchin' for Timestamp 1688649971974.124
INFO:processing this page PPL
INFO:Fetchin' for Timestamp 1688649973466.849
INFO:processing this page SGIC
INFO:Fetchin' for Timestamp 1688908513817.781
INFO:processing this page NIFRA
INFO:Fetchin' for Timestamp 1688908516344.228
INFO:processing this page SRLI
INFO:Fetchin' for Timestamp 1688908517804.521
INFO:processing this page GVL
INFO:Fetchin' for Timestamp 1688908519205.19
INFO:processing this page MBJC
INFO:Fetchin' for Timestamp 1688908520629.612
INFO:processing this page RULB
INFO:Fetchin' for Timestamp 1688908523000.8608
INFO:processing this page USHEC
INFO:Fetchin' for Timestamp 1688908524387.292
INFO:processing this page TAMOR
INFO:Fetchin' for Timestamp 1688908525803.0989
INFO:processing this page PPL
INFO:Fetchin' for Timestamp 1688908527196.431
INFO:processing this page SGIC
INFO:Fetchin' for Timestamp 1688995264522.637
INFO:processing this page NIFRA
INFO:Fetchin' for Timestamp 1688995267870.969
INFO:processing this page SRLI
INFO:Fetchin' for Timestamp 1688995269272.165
INFO:processing this page GVL
INFO:Fetchin' for Timestamp 1688995270695.7131
INFO:processing this page MBJC
INFO:Fetchin' for Timestamp 1688995272077.981
INFO:processing this page RULB
INFO:Fetchin' for Timestamp 1688995273486.8928
INFO:processing this page USHEC
INFO:Fetchin' for Timestamp 1688995274868.206
INFO:processing this page TAMOR
INFO:Fetchin' for Timestamp 1688995276234.139
INFO:processing this page PPL
INFO:Fetchin' for Timestamp 1688995277560.197
INFO:processing this page SGIC
INFO:Fetchin' for Timestamp 1689081626122.153
INFO:processing this page NIFRA
INFO:Fetchin' for Timestamp 1689081629088.6309
INFO:processing this page SRLI
INFO:Fetchin' for Timestamp 1689081630561.286
INFO:processing this page GVL
INFO:Fetchin' for Timestamp 1689081632104.094
INFO:processing this page MBJC
INFO:Fetchin' for Timestamp 1689081633611.492
INFO:processing this page RULB
INFO:Fetchin' for Timestamp 1689081635761.125
INFO:processing this page USHEC
INFO:Fetchin' for Timestamp 1689081637834.1611
INFO:processing this page TAMOR
INFO:Fetchin' for Timestamp 1689081642334.373
INFO:processing this page PPL
INFO:Fetchin' for Timestamp 1689081643766.0278
INFO:processing this page SGIC
INFO:Fetchin' for Timestamp 1689168078961.2751
INFO:processing this page NIFRA
INFO:Fetchin' for Timestamp 1689168081496.5261
INFO:processing this page SRLI
INFO:Fetchin' for Timestamp 1689168082927.9229
INFO:processing this page GVL
INFO:Fetchin' for Timestamp 1689168084399.179
INFO:processing this page MBJC
INFO:Fetchin' for Timestamp 1689168085832.259
INFO:processing this page RULB
INFO:Fetchin' for Timestamp 1689168087323.592
INFO:processing this page USHEC
INFO:Fetchin' for Timestamp 1689168088779.654
INFO:processing this page TAMOR
INFO:Fetchin' for Timestamp 1689168096231.065
INFO:processing this page PPL
INFO:Fetchin' for Timestamp 1689168097664.0671
